<?xml version="1.0" encoding="UTF-8"?>
<coverage generated="1717913972679" clover="3.2.0">
  <project timestamp="1717913972679" name="All files">
    <metrics statements="25" coveredstatements="24" conditionals="6" coveredconditionals="5" methods="9" coveredmethods="9" elements="40" coveredelements="38" complexity="0" loc="25" ncloc="25" packages="1" files="1" classes="1"/>
    <file name="Body.js" path="/Users/smrutikarade/Programming/2024/React/src/components/Body.js">
      <metrics statements="25" coveredstatements="24" conditionals="6" coveredconditionals="5" methods="9" coveredmethods="9"/>
      <line num="7" count="1" type="stmt"/>
      <line num="8" count="7" type="stmt"/>
      <line num="9" count="7" type="stmt"/>
      <line num="10" count="7" type="stmt"/>
      <line num="11" count="7" type="stmt"/>
      <line num="13" count="7" type="stmt"/>
      <line num="14" count="2" type="stmt"/>
      <line num="17" count="7" type="stmt"/>
      <line num="18" count="2" type="stmt"/>
      <line num="21" count="2" type="stmt"/>
      <line num="22" count="2" type="stmt"/>
      <line num="24" count="2" type="stmt"/>
      <line num="28" count="2" type="stmt"/>
      <line num="33" count="7" type="stmt"/>
      <line num="34" count="7" type="cond" truecount="1" falsecount="1"/>
      <line num="35" count="0" type="stmt"/>
      <line num="40" count="7" type="cond" truecount="2" falsecount="0"/>
      <line num="52" count="1" type="stmt"/>
      <line num="59" count="1" type="stmt"/>
      <line num="60" count="20" type="stmt"/>
      <line num="63" count="1" type="stmt"/>
      <line num="74" count="1" type="stmt"/>
      <line num="75" count="20" type="stmt"/>
      <line num="77" count="1" type="stmt"/>
      <line num="87" count="73" type="stmt"/>
    </file>
  </project>
</coverage>
