TN:
SF:src/components/Body.js
FN:7,(anonymous_0)
FN:13,(anonymous_1)
FN:17,(anonymous_2)
FN:51,(anonymous_3)
FN:57,(anonymous_4)
FN:59,(anonymous_5)
FN:73,(anonymous_6)
FN:75,(anonymous_7)
FN:86,(anonymous_8)
FNF:9
FNH:9
FNDA:7,(anonymous_0)
FNDA:2,(anonymous_1)
FNDA:2,(anonymous_2)
FNDA:1,(anonymous_3)
FNDA:1,(anonymous_4)
FNDA:20,(anonymous_5)
FNDA:1,(anonymous_6)
FNDA:20,(anonymous_7)
FNDA:73,(anonymous_8)
DA:7,1
DA:8,7
DA:9,7
DA:10,7
DA:11,7
DA:13,7
DA:14,2
DA:17,7
DA:18,2
DA:21,2
DA:22,2
DA:24,2
DA:28,2
DA:33,7
DA:34,7
DA:35,0
DA:40,7
DA:52,1
DA:59,1
DA:60,20
DA:63,1
DA:74,1
DA:75,20
DA:77,1
DA:87,73
LF:25
LH:24
BRDA:34,0,0,0
BRDA:34,0,1,7
BRDA:40,1,0,2
BRDA:40,1,1,5
BRDA:92,2,0,69
BRDA:92,2,1,4
BRF:6
BRH:5
end_of_record
