TN:
SF:src/components/Body.js
FN:7,(anonymous_0)
FN:13,(anonymous_1)
FN:17,(anonymous_2)
FN:51,(anonymous_3)
FN:57,(anonymous_4)
FN:59,(anonymous_5)
FN:73,(anonymous_6)
FN:75,(anonymous_7)
FN:86,(anonymous_8)
FNF:9
FNH:7
FNDA:4,(anonymous_0)
FNDA:1,(anonymous_1)
FNDA:1,(anonymous_2)
FNDA:1,(anonymous_3)
FNDA:1,(anonymous_4)
FNDA:20,(anonymous_5)
FNDA:0,(anonymous_6)
FNDA:0,(anonymous_7)
FNDA:42,(anonymous_8)
DA:7,1
DA:8,4
DA:9,4
DA:10,4
DA:11,4
DA:13,4
DA:14,1
DA:17,4
DA:18,1
DA:21,1
DA:22,1
DA:24,1
DA:28,1
DA:33,4
DA:34,4
DA:35,0
DA:40,4
DA:52,1
DA:59,1
DA:60,20
DA:63,1
DA:74,0
DA:75,0
DA:77,0
DA:87,42
LF:25
LH:21
BRDA:34,0,0,0
BRDA:34,0,1,4
BRDA:40,1,0,1
BRDA:40,1,1,3
BRDA:92,2,0,40
BRDA:92,2,1,2
BRF:6
BRH:5
end_of_record
